<?xml version="1.0" encoding="UTF-8"?>
<!-- Generated by org.testng.reporters.JUnitXMLReporter -->
<testsuite ignored="0" hostname="SarthakSyduAIO" failures="0" tests="12" name="Default test" time="118.823" errors="0" timestamp="2023-04-28T02:27:52 EDT">
  <testcase classname="file_handling_data_driven.TestCases_Rediff_TN_ExcelSheet" name="enterTNLoginDetails" time="11.455"/>
  <testcase classname="file_handling_data_driven.TestCases_Rediff_TN_ExcelSheet" name="enterTNLoginDetails" time="8.779"/>
  <testcase classname="file_handling_data_driven.TestCases_Rediff_TN_ExcelSheet" name="enterTNLoginDetails" time="7.798"/>
  <testcase classname="file_handling_data_driven.TestCases_Rediff_TN_ExcelSheet" name="enterTNLoginDetails" time="8.171"/>
  <testcase classname="file_handling_data_driven.TestCases_Rediff_TN_ExcelSheet" name="enterTNLoginDetails" time="8.532"/>
  <testcase classname="file_handling_data_driven.TestCases_Rediff_TN_ExcelSheet" name="enterTNLoginDetails" time="7.869"/>
  <testcase classname="file_handling_data_driven.TestCases_Rediff_TN_ExcelSheet" name="enterTNLoginDetails" time="9.202"/>
  <testcase classname="file_handling_data_driven.TestCases_Rediff_TN_ExcelSheet" name="enterRediffLogicDetails" time="12.358"/>
  <testcase classname="file_handling_data_driven.TestCases_Rediff_TN_ExcelSheet" name="enterRediffLogicDetails" time="12.202"/>
  <testcase classname="file_handling_data_driven.TestCases_Rediff_TN_ExcelSheet" name="enterRediffLogicDetails" time="13.744"/>
  <testcase classname="file_handling_data_driven.TestCases_Rediff_TN_ExcelSheet" name="enterRediffLogicDetails" time="11.004"/>
  <testcase classname="file_handling_data_driven.TestCases_Rediff_TN_ExcelSheet" name="enterRediffLogicDetails" time="7.291"/>
</testsuite> <!-- Default test -->
