<?xml version="1.0" encoding="UTF-8"?>
<!-- Generated by org.testng.reporters.JUnitXMLReporter -->
<testsuite ignored="1" hostname="SarthakSyduAIO" failures="0" tests="1" name="Default test" time="0.508" errors="0" timestamp="2023-04-27T22:14:20 EDT">
  <testcase classname="file_handling_data_driven.TestCases_Rediff_TN_ExcelSheet" name="enterRediffLogicDetails" time="0.0">
    <skipped/>
  </testcase> <!-- enterRediffLogicDetails -->
  <testcase classname="file_handling_data_driven.TestCases_Rediff_TN_ExcelSheet" name="enterTNLoginDetails" time="0.0">
    <ignored/>
  </testcase> <!-- enterTNLoginDetails -->
</testsuite> <!-- Default test -->
