<?xml version="1.0" encoding="UTF-8"?>
<!-- Generated by org.testng.reporters.JUnitXMLReporter -->
<testsuite ignored="1" hostname="SarthakSyduAIO" failures="0" tests="5" name="Include Exclude Test" time="0.002" errors="0" timestamp="28 May 2023 22:38:12 GMT">
  <testcase classname="testng_code_include_exclude_30th_Apr_2023.LogoutTest" name="logoutCase1" time="0.0"/>
  <testcase classname="testng_code_include_exclude_30th_Apr_2023.RegisterTest" name="registerCase1" time="0.0"/>
  <testcase classname="testng_code_include_exclude_30th_Apr_2023.RegisterTest" name="registerCase2" time="0.0"/>
  <testcase classname="testng_code_include_exclude_30th_Apr_2023.LoginTest" name="loginCase1" time="0.0"/>
  <testcase classname="testng_code_include_exclude_30th_Apr_2023.LoginTest" name="loginCase2" time="0.0"/>
  <testcase classname="testng_code_include_exclude_30th_Apr_2023.LogoutTest" name="logoutCase2" time="0.0">
    <ignored/>
  </testcase> <!-- logoutCase2 -->
</testsuite> <!-- Include Exclude Test -->
