<?xml version="1.0" encoding="UTF-8"?>
<!-- Generated by org.testng.reporters.JUnitXMLReporter -->
<testsuite ignored="0" hostname="SarthakSyduAIO" failures="0" tests="3" name="Batch Running Test" time="24.968" errors="0" timestamp="2023-04-24T21:13:40 EDT">
  <testcase classname="testng_code_BatchRunnin_24th_Apr_2023.RediffLoginTest" name="rediffLogin" time="10.905"/>
  <testcase classname="testng_code_BatchRunnin_24th_Apr_2023.TNRegisterTest" name="tnRegister" time="7.036"/>
  <testcase classname="testng_code_BatchRunnin_24th_Apr_2023.TNLoginTest" name="enterTNLoginDetails" time="6.993"/>
</testsuite> <!-- Batch Running Test -->
