<?xml version="1.0" encoding="UTF-8"?>
<testng-results ignored="0" total="1" passed="1" failed="0" skipped="0">
  <reporter-output>
  </reporter-output>
  <suite started-at="2023-05-28T18:27:12 EDT" name="Default suite" finished-at="2023-05-28T18:27:17 EDT" duration-ms="4901">
    <groups>
    </groups>
    <test started-at="2023-05-28T18:27:12 EDT" name="Default test" finished-at="2023-05-28T18:27:17 EDT" duration-ms="4901">
      <class name="automation_practice_demo_QA.Demo1">
        <test-method signature="clickOnSubmitButton()[pri:0, instance:automation_practice_demo_QA.Demo1@71a8adcf]" started-at="2023-05-28T18:27:12 EDT" name="clickOnSubmitButton" finished-at="2023-05-28T18:27:17 EDT" duration-ms="4873" status="PASS">
          <reporter-output>
          </reporter-output>
        </test-method> <!-- clickOnSubmitButton -->
      </class> <!-- automation_practice_demo_QA.Demo1 -->
    </test> <!-- Default test -->
  </suite> <!-- Default suite -->
</testng-results>
